<?xml version="1.0" encoding="UTF-8"?>
<!-- Generated by org.testng.reporters.JUnitXMLReporter -->
<testsuite ignored="0" hostname="DESKTOP-DASU994" failures="1" tests="27" name="Default test" time="140.819" errors="0" timestamp="2022-01-23T17:44:39 PST">
  <testcase classname="HomePage.Homepage" name="FIPGTS_00001_FIPGTS_00001" time="3.331"/>
  <testcase classname="HomePage.Homepage" name="FIPGTS_00002" time="8.206"/>
  <testcase classname="HomePage.Homepage" name="FIPGTS_00001_FIPGTS_00003" time="2.688"/>
  <testcase classname="HomePage.Homepage" name="FIPGTS_00001_FIPGTS_00004" time="2.4"/>
  <testcase classname="HomePage.Homepage" name="FIPGTS_00001_FIPGTS_00005" time="4.516"/>
  <testcase classname="HomePage.Homepage" name="FIPGTS_00001_FIPGTS_00006" time="10.253"/>
  <testcase classname="HomePage.Homepage" name="FIPGTS_00001_FIPGTS_00007" time="4.44"/>
  <testcase classname="HomePage.Homepage" name="FIPGTS_00001_FIPGTS_00008" time="2.699"/>
  <testcase classname="HomePage.Homepage" name="FIPGTS_00002_FIPGTS_00001" time="2.726"/>
  <testcase classname="HomePage.Homepage" name="FIPGTS_00002_FIPGTS_00002" time="2.707"/>
  <testcase classname="HomePage.Homepage" name="FIPGTS_00002_FIPGTS_00003" time="2.695"/>
  <testcase classname="HomePage.Homepage" name="FIPGTS_00002_FIPGTS_00004" time="2.713"/>
  <testcase classname="HomePage.Homepage" name="FIPGTS_00002_FIPGTS_00005" time="2.73"/>
  <testcase classname="HomePage.Homepage" name="FIPGTS_00002_FIPGTS_00006" time="2.724"/>
  <testcase classname="HomePage.Homepage" name="FIPGTS_00002_FIPGTS_00007" time="9.435"/>
  <testcase classname="HomePage.Homepage" name="FIPGTS_00002_FIPGTS_00008" time="6.934"/>
  <testcase classname="HomePage.Homepage" name="FIPGTS_00002_FIPGTS_00009" time="7.328"/>
  <testcase classname="HomePage.Homepage" name="FIPGTS_00002_FIPGTS_000010" time="7.862"/>
  <testcase classname="HomePage.Homepage" name="FIPGTS_00002_FIPGTS_000011" time="5.876"/>
  <testcase classname="HomePage.Homepage" name="FIPGTS_00002_FIPGTS_000012" time="8.152"/>
  <testcase classname="HomePage.Homepage" name="FIPGTS_00003_FIPGTS_00001" time="5.408"/>
  <testcase classname="HomePage.Homepage" name="FIPGTS_00003_FIPGTS_00002" time="6.247"/>
  <testcase classname="HomePage.Homepage" name="FIPGTS_00003_FIPGTS_00003" time="6.384"/>
  <testcase classname="HomePage.Homepage" name="FIPGTS_00003_FIPGTS_00004" time="2.448"/>
  <testcase classname="HomePage.Homepage" name="FIPGTS_00003_FIPGTS_00006" time="8.372">
    <failure type="java.lang.AssertionError" message="expected [1] but found [2]">
      <![CDATA[java.lang.AssertionError: expected [1] but found [2]
at org.testng.Assert.fail(Assert.java:99)
at org.testng.Assert.failNotEquals(Assert.java:1037)
at org.testng.Assert.assertEqualsImpl(Assert.java:140)
at org.testng.Assert.assertEquals(Assert.java:122)
at org.testng.Assert.assertEquals(Assert.java:907)
at org.testng.Assert.assertEquals(Assert.java:917)
at HomePage.Homepage.FIPGTS_00003_FIPGTS_00006(Homepage.java:675)
at java.base/jdk.internal.reflect.NativeMethodAccessorImpl.invoke0(Native Method)
at java.base/jdk.internal.reflect.NativeMethodAccessorImpl.invoke(NativeMethodAccessorImpl.java:77)
at java.base/jdk.internal.reflect.DelegatingMethodAccessorImpl.invoke(DelegatingMethodAccessorImpl.java:43)
at java.base/java.lang.reflect.Method.invoke(Method.java:568)
at org.testng.internal.MethodInvocationHelper.invokeMethod(MethodInvocationHelper.java:133)
at org.testng.internal.TestInvoker.invokeMethod(TestInvoker.java:598)
at org.testng.internal.TestInvoker.invokeTestMethod(TestInvoker.java:173)
at org.testng.internal.MethodRunner.runInSequence(MethodRunner.java:46)
at org.testng.internal.TestInvoker$MethodInvocationAgent.invoke(TestInvoker.java:824)
at org.testng.internal.TestInvoker.invokeTestMethods(TestInvoker.java:146)
at org.testng.internal.TestMethodWorker.invokeTestMethods(TestMethodWorker.java:146)
at org.testng.internal.TestMethodWorker.run(TestMethodWorker.java:128)
at java.base/java.util.ArrayList.forEach(ArrayList.java:1511)
at org.testng.TestRunner.privateRun(TestRunner.java:794)
at org.testng.TestRunner.run(TestRunner.java:596)
at org.testng.SuiteRunner.runTest(SuiteRunner.java:377)
at org.testng.SuiteRunner.runSequentially(SuiteRunner.java:371)
at org.testng.SuiteRunner.privateRun(SuiteRunner.java:332)
at org.testng.SuiteRunner.run(SuiteRunner.java:276)
at org.testng.SuiteRunnerWorker.runSuite(SuiteRunnerWorker.java:53)
at org.testng.SuiteRunnerWorker.run(SuiteRunnerWorker.java:96)
at org.testng.TestNG.runSuitesSequentially(TestNG.java:1212)
at org.testng.TestNG.runSuitesLocally(TestNG.java:1134)
at org.testng.TestNG.runSuites(TestNG.java:1063)
at org.testng.TestNG.run(TestNG.java:1031)
at org.testng.remote.AbstractRemoteTestNG.run(AbstractRemoteTestNG.java:115)
at org.testng.remote.RemoteTestNG.initAndRun(RemoteTestNG.java:251)
at org.testng.remote.RemoteTestNG.main(RemoteTestNG.java:77)
]]>
    </failure>
  </testcase> <!-- FIPGTS_00003_FIPGTS_00006 -->
  <testcase classname="HomePage.Homepage" name="FIPGTS_00003_FIPGTS_00007" time="6.821"/>
  <testcase classname="HomePage.Homepage" name="FIPGTS_00003_FIPGTS_00008" time="4.521"/>
</testsuite> <!-- Default test -->
