<?xml version="1.0" encoding="UTF-8"?>
<!-- Generated by org.testng.reporters.JUnitXMLReporter -->
<testsuite ignored="0" hostname="DESKTOP-DASU994" failures="0" tests="4" name="Default test" time="25.558" errors="0" timestamp="2022-03-05T13:23:23 PST">
  <testcase classname="HomePage.rough2" name="FIPGTS_00003_FIPGTS_00006" time="9.747"/>
  <testcase classname="HomePage.rough2" name="FIPGTS_00003_FIPGTS_00007" time="6.984"/>
  <testcase classname="HomePage.rough2" name="FIPGTS_00003_FIPGTS_00008" time="4.337"/>
  <testcase classname="HomePage.rough2" name="FIPGTS_00003_FIPGTS_00009" time="4.439"/>
</testsuite> <!-- Default test -->
