<?xml version="1.0" encoding="UTF-8"?>
<testng-results ignored="0" total="4" passed="4" failed="0" skipped="0">
  <reporter-output>
  </reporter-output>
  <suite started-at="2022-03-05T13:22:57 PST" name="Default suite" finished-at="2022-03-05T13:23:23 PST" duration-ms="25558">
    <groups>
    </groups>
    <test started-at="2022-03-05T13:22:57 PST" name="Default test" finished-at="2022-03-05T13:23:23 PST" duration-ms="25558">
      <class name="HomePage.rough2">
        <test-method is-config="true" signature="launch_Browser()[pri:0, instance:HomePage.rough2@42e99e4a]" started-at="2022-03-05T13:22:52 PST" name="launch_Browser" finished-at="2022-03-05T13:22:57 PST" duration-ms="4628" status="PASS">
          <reporter-output>
          </reporter-output>
        </test-method> <!-- launch_Browser -->
        <test-method signature="FIPGTS_00003_FIPGTS_00006()[pri:27, instance:HomePage.rough2@42e99e4a]" started-at="2022-03-05T13:22:57 PST" name="FIPGTS_00003_FIPGTS_00006" finished-at="2022-03-05T13:23:07 PST" duration-ms="9747" status="PASS">
          <reporter-output>
          </reporter-output>
        </test-method> <!-- FIPGTS_00003_FIPGTS_00006 -->
        <test-method signature="FIPGTS_00003_FIPGTS_00007()[pri:28, instance:HomePage.rough2@42e99e4a]" started-at="2022-03-05T13:23:07 PST" name="FIPGTS_00003_FIPGTS_00007" finished-at="2022-03-05T13:23:14 PST" duration-ms="6984" status="PASS">
          <reporter-output>
          </reporter-output>
        </test-method> <!-- FIPGTS_00003_FIPGTS_00007 -->
        <test-method signature="FIPGTS_00003_FIPGTS_00008()[pri:29, instance:HomePage.rough2@42e99e4a]" started-at="2022-03-05T13:23:14 PST" name="FIPGTS_00003_FIPGTS_00008" finished-at="2022-03-05T13:23:18 PST" duration-ms="4337" status="PASS">
          <reporter-output>
          </reporter-output>
        </test-method> <!-- FIPGTS_00003_FIPGTS_00008 -->
        <test-method signature="FIPGTS_00003_FIPGTS_00009()[pri:30, instance:HomePage.rough2@42e99e4a]" started-at="2022-03-05T13:23:18 PST" name="FIPGTS_00003_FIPGTS_00009" finished-at="2022-03-05T13:23:23 PST" duration-ms="4439" status="PASS">
          <reporter-output>
          </reporter-output>
        </test-method> <!-- FIPGTS_00003_FIPGTS_00009 -->
        <test-method is-config="true" signature="Close_Browser()[pri:0, instance:HomePage.rough2@42e99e4a]" started-at="2022-03-05T13:23:23 PST" name="Close_Browser" finished-at="2022-03-05T13:23:23 PST" duration-ms="208" status="PASS">
          <reporter-output>
          </reporter-output>
        </test-method> <!-- Close_Browser -->
      </class> <!-- HomePage.rough2 -->
    </test> <!-- Default test -->
  </suite> <!-- Default suite -->
</testng-results>
