<?xml version="1.0" encoding="UTF-8"?>
<testng-results ignored="0" total="27" passed="26" failed="1" skipped="0">
  <reporter-output>
  </reporter-output>
  <suite started-at="2022-01-23T17:42:18 PST" name="Default suite" finished-at="2022-01-23T17:44:39 PST" duration-ms="140819">
    <groups>
    </groups>
    <test started-at="2022-01-23T17:42:18 PST" name="Default test" finished-at="2022-01-23T17:44:39 PST" duration-ms="140819">
      <class name="HomePage.Homepage">
        <test-method is-config="true" signature="launch_Browser()[pri:0, instance:HomePage.Homepage@6356695f]" started-at="2022-01-23T17:42:12 PST" name="launch_Browser" finished-at="2022-01-23T17:42:18 PST" duration-ms="5533" status="PASS">
          <reporter-output>
          </reporter-output>
        </test-method> <!-- launch_Browser -->
        <test-method signature="FIPGTS_00001_FIPGTS_00001()[pri:1, instance:HomePage.Homepage@6356695f]" started-at="2022-01-23T17:42:18 PST" name="FIPGTS_00001_FIPGTS_00001" finished-at="2022-01-23T17:42:21 PST" duration-ms="3331" status="PASS">
          <reporter-output>
          </reporter-output>
        </test-method> <!-- FIPGTS_00001_FIPGTS_00001 -->
        <test-method signature="FIPGTS_00002()[pri:2, instance:HomePage.Homepage@6356695f]" started-at="2022-01-23T17:42:21 PST" name="FIPGTS_00002" finished-at="2022-01-23T17:42:30 PST" duration-ms="8206" status="PASS">
          <reporter-output>
          </reporter-output>
        </test-method> <!-- FIPGTS_00002 -->
        <test-method signature="FIPGTS_00001_FIPGTS_00003()[pri:3, instance:HomePage.Homepage@6356695f]" started-at="2022-01-23T17:42:30 PST" name="FIPGTS_00001_FIPGTS_00003" finished-at="2022-01-23T17:42:32 PST" duration-ms="2688" status="PASS">
          <reporter-output>
          </reporter-output>
        </test-method> <!-- FIPGTS_00001_FIPGTS_00003 -->
        <test-method signature="FIPGTS_00001_FIPGTS_00004()[pri:4, instance:HomePage.Homepage@6356695f]" started-at="2022-01-23T17:42:32 PST" name="FIPGTS_00001_FIPGTS_00004" finished-at="2022-01-23T17:42:35 PST" duration-ms="2400" status="PASS">
          <reporter-output>
          </reporter-output>
        </test-method> <!-- FIPGTS_00001_FIPGTS_00004 -->
        <test-method signature="FIPGTS_00001_FIPGTS_00005()[pri:5, instance:HomePage.Homepage@6356695f]" started-at="2022-01-23T17:42:35 PST" name="FIPGTS_00001_FIPGTS_00005" finished-at="2022-01-23T17:42:39 PST" duration-ms="4516" status="PASS">
          <reporter-output>
          </reporter-output>
        </test-method> <!-- FIPGTS_00001_FIPGTS_00005 -->
        <test-method signature="FIPGTS_00001_FIPGTS_00006()[pri:6, instance:HomePage.Homepage@6356695f]" started-at="2022-01-23T17:42:39 PST" name="FIPGTS_00001_FIPGTS_00006" finished-at="2022-01-23T17:42:49 PST" duration-ms="10253" status="PASS">
          <reporter-output>
          </reporter-output>
        </test-method> <!-- FIPGTS_00001_FIPGTS_00006 -->
        <test-method signature="FIPGTS_00001_FIPGTS_00007()[pri:7, instance:HomePage.Homepage@6356695f]" started-at="2022-01-23T17:42:50 PST" name="FIPGTS_00001_FIPGTS_00007" finished-at="2022-01-23T17:42:54 PST" duration-ms="4440" status="PASS">
          <reporter-output>
          </reporter-output>
        </test-method> <!-- FIPGTS_00001_FIPGTS_00007 -->
        <test-method signature="FIPGTS_00001_FIPGTS_00008()[pri:8, instance:HomePage.Homepage@6356695f]" started-at="2022-01-23T17:42:54 PST" name="FIPGTS_00001_FIPGTS_00008" finished-at="2022-01-23T17:42:57 PST" duration-ms="2699" status="PASS">
          <reporter-output>
          </reporter-output>
        </test-method> <!-- FIPGTS_00001_FIPGTS_00008 -->
        <test-method signature="FIPGTS_00002_FIPGTS_00001()[pri:10, instance:HomePage.Homepage@6356695f]" started-at="2022-01-23T17:42:57 PST" name="FIPGTS_00002_FIPGTS_00001" finished-at="2022-01-23T17:42:59 PST" duration-ms="2726" status="PASS">
          <reporter-output>
          </reporter-output>
        </test-method> <!-- FIPGTS_00002_FIPGTS_00001 -->
        <test-method signature="FIPGTS_00002_FIPGTS_00002()[pri:11, instance:HomePage.Homepage@6356695f]" started-at="2022-01-23T17:42:59 PST" name="FIPGTS_00002_FIPGTS_00002" finished-at="2022-01-23T17:43:02 PST" duration-ms="2707" status="PASS">
          <reporter-output>
          </reporter-output>
        </test-method> <!-- FIPGTS_00002_FIPGTS_00002 -->
        <test-method signature="FIPGTS_00002_FIPGTS_00003()[pri:12, instance:HomePage.Homepage@6356695f]" started-at="2022-01-23T17:43:02 PST" name="FIPGTS_00002_FIPGTS_00003" finished-at="2022-01-23T17:43:05 PST" duration-ms="2695" status="PASS">
          <reporter-output>
          </reporter-output>
        </test-method> <!-- FIPGTS_00002_FIPGTS_00003 -->
        <test-method signature="FIPGTS_00002_FIPGTS_00004()[pri:13, instance:HomePage.Homepage@6356695f]" started-at="2022-01-23T17:43:05 PST" name="FIPGTS_00002_FIPGTS_00004" finished-at="2022-01-23T17:43:08 PST" duration-ms="2713" status="PASS">
          <reporter-output>
          </reporter-output>
        </test-method> <!-- FIPGTS_00002_FIPGTS_00004 -->
        <test-method signature="FIPGTS_00002_FIPGTS_00005()[pri:14, instance:HomePage.Homepage@6356695f]" started-at="2022-01-23T17:43:08 PST" name="FIPGTS_00002_FIPGTS_00005" finished-at="2022-01-23T17:43:10 PST" duration-ms="2730" status="PASS">
          <reporter-output>
          </reporter-output>
        </test-method> <!-- FIPGTS_00002_FIPGTS_00005 -->
        <test-method signature="FIPGTS_00002_FIPGTS_00006()[pri:15, instance:HomePage.Homepage@6356695f]" started-at="2022-01-23T17:43:10 PST" name="FIPGTS_00002_FIPGTS_00006" finished-at="2022-01-23T17:43:13 PST" duration-ms="2724" status="PASS">
          <reporter-output>
          </reporter-output>
        </test-method> <!-- FIPGTS_00002_FIPGTS_00006 -->
        <test-method signature="FIPGTS_00002_FIPGTS_00007()[pri:16, instance:HomePage.Homepage@6356695f]" started-at="2022-01-23T17:43:13 PST" name="FIPGTS_00002_FIPGTS_00007" finished-at="2022-01-23T17:43:22 PST" duration-ms="9435" status="PASS">
          <reporter-output>
          </reporter-output>
        </test-method> <!-- FIPGTS_00002_FIPGTS_00007 -->
        <test-method signature="FIPGTS_00002_FIPGTS_00008()[pri:17, instance:HomePage.Homepage@6356695f]" started-at="2022-01-23T17:43:22 PST" name="FIPGTS_00002_FIPGTS_00008" finished-at="2022-01-23T17:43:29 PST" duration-ms="6934" status="PASS">
          <reporter-output>
          </reporter-output>
        </test-method> <!-- FIPGTS_00002_FIPGTS_00008 -->
        <test-method signature="FIPGTS_00002_FIPGTS_00009()[pri:18, instance:HomePage.Homepage@6356695f]" started-at="2022-01-23T17:43:29 PST" name="FIPGTS_00002_FIPGTS_00009" finished-at="2022-01-23T17:43:37 PST" duration-ms="7328" status="PASS">
          <reporter-output>
          </reporter-output>
        </test-method> <!-- FIPGTS_00002_FIPGTS_00009 -->
        <test-method signature="FIPGTS_00002_FIPGTS_000010()[pri:19, instance:HomePage.Homepage@6356695f]" started-at="2022-01-23T17:43:37 PST" name="FIPGTS_00002_FIPGTS_000010" finished-at="2022-01-23T17:43:45 PST" duration-ms="7862" status="PASS">
          <reporter-output>
          </reporter-output>
        </test-method> <!-- FIPGTS_00002_FIPGTS_000010 -->
        <test-method signature="FIPGTS_00002_FIPGTS_000011()[pri:20, instance:HomePage.Homepage@6356695f]" started-at="2022-01-23T17:43:45 PST" name="FIPGTS_00002_FIPGTS_000011" finished-at="2022-01-23T17:43:50 PST" duration-ms="5876" status="PASS">
          <reporter-output>
          </reporter-output>
        </test-method> <!-- FIPGTS_00002_FIPGTS_000011 -->
        <test-method signature="FIPGTS_00002_FIPGTS_000012()[pri:21, instance:HomePage.Homepage@6356695f]" started-at="2022-01-23T17:43:50 PST" name="FIPGTS_00002_FIPGTS_000012" finished-at="2022-01-23T17:43:59 PST" duration-ms="8152" status="PASS">
          <reporter-output>
          </reporter-output>
        </test-method> <!-- FIPGTS_00002_FIPGTS_000012 -->
        <test-method signature="FIPGTS_00003_FIPGTS_00001()[pri:22, instance:HomePage.Homepage@6356695f]" started-at="2022-01-23T17:43:59 PST" name="FIPGTS_00003_FIPGTS_00001" finished-at="2022-01-23T17:44:04 PST" duration-ms="5408" status="PASS">
          <reporter-output>
          </reporter-output>
        </test-method> <!-- FIPGTS_00003_FIPGTS_00001 -->
        <test-method signature="FIPGTS_00003_FIPGTS_00002()[pri:23, instance:HomePage.Homepage@6356695f]" started-at="2022-01-23T17:44:04 PST" name="FIPGTS_00003_FIPGTS_00002" finished-at="2022-01-23T17:44:10 PST" duration-ms="6247" status="PASS">
          <reporter-output>
          </reporter-output>
        </test-method> <!-- FIPGTS_00003_FIPGTS_00002 -->
        <test-method signature="FIPGTS_00003_FIPGTS_00003()[pri:24, instance:HomePage.Homepage@6356695f]" started-at="2022-01-23T17:44:10 PST" name="FIPGTS_00003_FIPGTS_00003" finished-at="2022-01-23T17:44:17 PST" duration-ms="6384" status="PASS">
          <reporter-output>
          </reporter-output>
        </test-method> <!-- FIPGTS_00003_FIPGTS_00003 -->
        <test-method signature="FIPGTS_00003_FIPGTS_00004()[pri:25, instance:HomePage.Homepage@6356695f]" started-at="2022-01-23T17:44:17 PST" name="FIPGTS_00003_FIPGTS_00004" finished-at="2022-01-23T17:44:19 PST" duration-ms="2448" status="PASS">
          <reporter-output>
          </reporter-output>
        </test-method> <!-- FIPGTS_00003_FIPGTS_00004 -->
        <test-method signature="FIPGTS_00003_FIPGTS_00006()[pri:27, instance:HomePage.Homepage@6356695f]" started-at="2022-01-23T17:44:19 PST" name="FIPGTS_00003_FIPGTS_00006" finished-at="2022-01-23T17:44:27 PST" duration-ms="8372" status="FAIL">
          <exception class="java.lang.AssertionError">
            <message>
              <![CDATA[expected [1] but found [2]]]>
            </message>
            <full-stacktrace>
              <![CDATA[java.lang.AssertionError: expected [1] but found [2]
at org.testng.Assert.fail(Assert.java:99)
at org.testng.Assert.failNotEquals(Assert.java:1037)
at org.testng.Assert.assertEqualsImpl(Assert.java:140)
at org.testng.Assert.assertEquals(Assert.java:122)
at org.testng.Assert.assertEquals(Assert.java:907)
at org.testng.Assert.assertEquals(Assert.java:917)
at HomePage.Homepage.FIPGTS_00003_FIPGTS_00006(Homepage.java:675)
at java.base/jdk.internal.reflect.NativeMethodAccessorImpl.invoke0(Native Method)
at java.base/jdk.internal.reflect.NativeMethodAccessorImpl.invoke(NativeMethodAccessorImpl.java:77)
at java.base/jdk.internal.reflect.DelegatingMethodAccessorImpl.invoke(DelegatingMethodAccessorImpl.java:43)
at java.base/java.lang.reflect.Method.invoke(Method.java:568)
at org.testng.internal.MethodInvocationHelper.invokeMethod(MethodInvocationHelper.java:133)
at org.testng.internal.TestInvoker.invokeMethod(TestInvoker.java:598)
at org.testng.internal.TestInvoker.invokeTestMethod(TestInvoker.java:173)
at org.testng.internal.MethodRunner.runInSequence(MethodRunner.java:46)
at org.testng.internal.TestInvoker$MethodInvocationAgent.invoke(TestInvoker.java:824)
at org.testng.internal.TestInvoker.invokeTestMethods(TestInvoker.java:146)
at org.testng.internal.TestMethodWorker.invokeTestMethods(TestMethodWorker.java:146)
at org.testng.internal.TestMethodWorker.run(TestMethodWorker.java:128)
at java.base/java.util.ArrayList.forEach(ArrayList.java:1511)
at org.testng.TestRunner.privateRun(TestRunner.java:794)
at org.testng.TestRunner.run(TestRunner.java:596)
at org.testng.SuiteRunner.runTest(SuiteRunner.java:377)
at org.testng.SuiteRunner.runSequentially(SuiteRunner.java:371)
at org.testng.SuiteRunner.privateRun(SuiteRunner.java:332)
at org.testng.SuiteRunner.run(SuiteRunner.java:276)
at org.testng.SuiteRunnerWorker.runSuite(SuiteRunnerWorker.java:53)
at org.testng.SuiteRunnerWorker.run(SuiteRunnerWorker.java:96)
at org.testng.TestNG.runSuitesSequentially(TestNG.java:1212)
at org.testng.TestNG.runSuitesLocally(TestNG.java:1134)
at org.testng.TestNG.runSuites(TestNG.java:1063)
at org.testng.TestNG.run(TestNG.java:1031)
at org.testng.remote.AbstractRemoteTestNG.run(AbstractRemoteTestNG.java:115)
at org.testng.remote.RemoteTestNG.initAndRun(RemoteTestNG.java:251)
at org.testng.remote.RemoteTestNG.main(RemoteTestNG.java:77)
]]>
            </full-stacktrace>
          </exception> <!-- java.lang.AssertionError -->
          <reporter-output>
          </reporter-output>
        </test-method> <!-- FIPGTS_00003_FIPGTS_00006 -->
        <test-method signature="FIPGTS_00003_FIPGTS_00007()[pri:28, instance:HomePage.Homepage@6356695f]" started-at="2022-01-23T17:44:27 PST" name="FIPGTS_00003_FIPGTS_00007" finished-at="2022-01-23T17:44:34 PST" duration-ms="6821" status="PASS">
          <reporter-output>
          </reporter-output>
        </test-method> <!-- FIPGTS_00003_FIPGTS_00007 -->
        <test-method signature="FIPGTS_00003_FIPGTS_00008()[pri:29, instance:HomePage.Homepage@6356695f]" started-at="2022-01-23T17:44:34 PST" name="FIPGTS_00003_FIPGTS_00008" finished-at="2022-01-23T17:44:39 PST" duration-ms="4521" status="PASS">
          <reporter-output>
          </reporter-output>
        </test-method> <!-- FIPGTS_00003_FIPGTS_00008 -->
        <test-method is-config="true" signature="Close_Browser()[pri:0, instance:HomePage.Homepage@6356695f]" started-at="2022-01-23T17:44:39 PST" name="Close_Browser" finished-at="2022-01-23T17:44:39 PST" duration-ms="56" status="PASS">
          <reporter-output>
          </reporter-output>
        </test-method> <!-- Close_Browser -->
      </class> <!-- HomePage.Homepage -->
    </test> <!-- Default test -->
  </suite> <!-- Default suite -->
</testng-results>
